2020-08-12 15:53:20.856  INFO 10876 --- [main] c.e.c.EvaluationApplicationTests         : Starting EvaluationApplicationTests on LAPTOP-9317BK4E with PID 10876 (started by puntechjp in E:\dev\projects\evaluation)
2020-08-12 15:53:20.863  INFO 10876 --- [main] c.e.c.EvaluationApplicationTests         : No active profile set, falling back to default profiles: default
2020-08-12 15:53:30.349  INFO 10876 --- [main] c.e.c.EvaluationApplicationTests         : Started EvaluationApplicationTests in 11.938 seconds (JVM running for 15.898)
2020-08-12 15:53:31.544  INFO 10876 --- [main] c.e.choicesuper.EvaluationApplication    : Starting EvaluationApplication on LAPTOP-9317BK4E with PID 10876 (started by puntechjp in E:\dev\projects\evaluation)
2020-08-12 15:53:31.550  INFO 10876 --- [main] c.e.choicesuper.EvaluationApplication    : No active profile set, falling back to default profiles: default
2020-08-12 15:53:33.939  INFO 10876 --- [main] o.s.b.w.embedded.tomcat.TomcatWebServer  : Tomcat initialized with port(s): 8080 (http)
2020-08-12 15:53:34.059  INFO 10876 --- [main] o.apache.catalina.core.StandardService   : Starting service [Tomcat]
2020-08-12 15:53:34.074  INFO 10876 --- [main] org.apache.catalina.core.StandardEngine  : Starting Servlet engine: [Apache Tomcat/9.0.37]
2020-08-12 15:53:34.841  INFO 10876 --- [main] o.a.c.c.C.[Tomcat].[localhost].[/]       : Initializing Spring embedded WebApplicationContext
2020-08-12 15:53:34.842  INFO 10876 --- [main] o.s.web.context.ContextLoader            : Root WebApplicationContext: initialization completed in 3285 ms
2020-08-12 15:53:35.348  INFO 10876 --- [main] o.s.b.w.embedded.tomcat.TomcatWebServer  : Tomcat started on port(s): 8080 (http) with context path ''
2020-08-12 15:53:35.355  INFO 10876 --- [main] c.e.choicesuper.EvaluationApplication    : Started EvaluationApplication in 3.911 seconds (JVM running for 20.904)
2020-08-12 15:53:35.478  INFO 10876 --- [main] estContainerFactory$GrizzlyTestContainer : Creating GrizzlyTestContainer configured at the base URI http://localhost:9998/
2020-08-12 15:53:36.972 ERROR 10876 --- [main] o.g.j.s.spring.SpringComponentProvider   : None or multiple beans found in Spring context for type class com.evaluation.choicesuper.service.MemberService, skipping the type.
2020-08-12 15:53:37.357 ERROR 10876 --- [main] org.glassfish.jersey.internal.Errors     : Following issues have been detected: 
WARNING: No injection source found for a parameter of type public javax.ws.rs.core.Response com.evaluation.choicesuper.service.MemberService.memberUploadFile(java.io.InputStream,org.glassfish.jersey.media.multipart.FormDataContentDisposition) throws java.lang.Exception at index 0.
WARNING: The (sub)resource method index in com.evaluation.choicesuper.service.MemberService contains empty path annotation.

2020-08-12 15:55:05.436  INFO 9788 --- [main] c.e.choicesuper.EvaluationApplication    : Starting EvaluationApplication on LAPTOP-9317BK4E with PID 9788 (E:\dev\projects\evaluation\target\classes started by puntechjp in E:\dev\projects\evaluation)
2020-08-12 15:55:05.447  INFO 9788 --- [main] c.e.choicesuper.EvaluationApplication    : No active profile set, falling back to default profiles: default
2020-08-12 15:55:10.535  INFO 9788 --- [main] o.s.b.w.embedded.tomcat.TomcatWebServer  : Tomcat initialized with port(s): 8080 (http)
2020-08-12 15:55:10.652  INFO 9788 --- [main] o.apache.catalina.core.StandardService   : Starting service [Tomcat]
2020-08-12 15:55:10.654  INFO 9788 --- [main] org.apache.catalina.core.StandardEngine  : Starting Servlet engine: [Apache Tomcat/9.0.37]
2020-08-12 15:55:11.045  INFO 9788 --- [main] o.a.c.c.C.[Tomcat].[localhost].[/]       : Initializing Spring embedded WebApplicationContext
2020-08-12 15:55:11.047  INFO 9788 --- [main] o.s.web.context.ContextLoader            : Root WebApplicationContext: initialization completed in 5253 ms
2020-08-12 15:55:12.641  INFO 9788 --- [main] o.s.b.w.embedded.tomcat.TomcatWebServer  : Tomcat started on port(s): 8080 (http) with context path ''
2020-08-12 15:55:12.652  INFO 9788 --- [main] c.e.choicesuper.EvaluationApplication    : Started EvaluationApplication in 9.072 seconds (JVM running for 57.004)
2020-08-12 15:55:21.079  WARN 9788 --- [http-nio-8080-exec-10] org.glassfish.jersey.internal.Errors     : The following warnings have been detected: WARNING: The (sub)resource method index in com.evaluation.choicesuper.service.MemberService contains empty path annotation.

2020-08-12 16:02:29.529  INFO 9044 --- [main] c.e.choicesuper.EvaluationApplication    : Starting EvaluationApplication on LAPTOP-9317BK4E with PID 9044 (E:\dev\projects\evaluation\target\classes started by puntechjp in E:\dev\projects\evaluation)
2020-08-12 16:02:29.544  INFO 9044 --- [main] c.e.choicesuper.EvaluationApplication    : No active profile set, falling back to default profiles: default
2020-08-12 16:02:34.922  INFO 9044 --- [main] o.s.b.w.embedded.tomcat.TomcatWebServer  : Tomcat initialized with port(s): 8080 (http)
2020-08-12 16:02:35.022  INFO 9044 --- [main] o.apache.catalina.core.StandardService   : Starting service [Tomcat]
2020-08-12 16:02:35.034  INFO 9044 --- [main] org.apache.catalina.core.StandardEngine  : Starting Servlet engine: [Apache Tomcat/9.0.37]
2020-08-12 16:02:35.508  INFO 9044 --- [main] o.a.c.c.C.[Tomcat].[localhost].[/]       : Initializing Spring embedded WebApplicationContext
2020-08-12 16:02:35.509  INFO 9044 --- [main] o.s.web.context.ContextLoader            : Root WebApplicationContext: initialization completed in 5585 ms
2020-08-12 16:02:36.718  INFO 9044 --- [main] o.s.b.w.embedded.tomcat.TomcatWebServer  : Tomcat started on port(s): 8080 (http) with context path ''
2020-08-12 16:02:36.732  INFO 9044 --- [main] c.e.choicesuper.EvaluationApplication    : Started EvaluationApplication in 9.767 seconds (JVM running for 35.056)
2020-08-12 16:02:53.724  WARN 9044 --- [http-nio-8080-exec-10] org.glassfish.jersey.internal.Errors     : The following warnings have been detected: WARNING: The (sub)resource method index in com.evaluation.choicesuper.service.MemberService contains empty path annotation.

2020-08-12 16:04:06.277  INFO 9460 --- [main] c.e.choicesuper.EvaluationApplication    : Starting EvaluationApplication on LAPTOP-9317BK4E with PID 9460 (E:\dev\projects\evaluation\target\classes started by puntechjp in E:\dev\projects\evaluation)
2020-08-12 16:04:06.287  INFO 9460 --- [main] c.e.choicesuper.EvaluationApplication    : No active profile set, falling back to default profiles: default
2020-08-12 16:04:11.456  INFO 9460 --- [main] o.s.b.w.embedded.tomcat.TomcatWebServer  : Tomcat initialized with port(s): 8080 (http)
2020-08-12 16:04:11.733  INFO 9460 --- [main] o.apache.catalina.core.StandardService   : Starting service [Tomcat]
2020-08-12 16:04:11.735  INFO 9460 --- [main] org.apache.catalina.core.StandardEngine  : Starting Servlet engine: [Apache Tomcat/9.0.37]
2020-08-12 16:04:12.178  INFO 9460 --- [main] o.a.c.c.C.[Tomcat].[localhost].[/]       : Initializing Spring embedded WebApplicationContext
2020-08-12 16:04:12.179  INFO 9460 --- [main] o.s.web.context.ContextLoader            : Root WebApplicationContext: initialization completed in 5444 ms
2020-08-12 16:04:13.356  INFO 9460 --- [main] o.s.b.w.embedded.tomcat.TomcatWebServer  : Tomcat started on port(s): 8080 (http) with context path ''
2020-08-12 16:04:13.369  INFO 9460 --- [main] c.e.choicesuper.EvaluationApplication    : Started EvaluationApplication in 10.31 seconds (JVM running for 27.886)
2020-08-12 16:04:25.410  WARN 9460 --- [http-nio-8080-exec-9] org.glassfish.jersey.internal.Errors     : The following warnings have been detected: WARNING: The (sub)resource method index in com.evaluation.choicesuper.service.MemberService contains empty path annotation.

